\BOOKMARK [1][-]{section.1}{\376\377\000T\000h\000e\000\040\000B\000a\000s\000i\000c\000\040\000R\000e\000s\000e\000a\000r\000c\000h\000\040\000P\000r\000o\000b\000l\000e\000m}{}% 1
\BOOKMARK [2][-]{subsection.1.1}{\376\377\125\106\116\032\200\314\146\157\116\016\147\103\210\141}{section.1}% 2
\BOOKMARK [2][-]{subsection.1.2}{\376\377\176\337\213\241\133\146\143\021\142\030}{section.1}% 3
\BOOKMARK [1][-]{section.2}{\376\377\000T\000h\000e\000\040\000I\000d\000e\000a\000\040\000a\000n\000d\000\040\000M\000e\000t\000h\000o\000d\000o\000l\000o\000g\000y}{}% 4
\BOOKMARK [2][-]{subsection.2.1}{\376\377\000L\000e\000v\000e\000l\000\040\0001\000:\000\040\000D\000e\000m\000a\000n\000d\000\040\000E\000s\000t\000i\000m\000a\000t\000i\000o\000n\000\040\000\050\160\271\230\204\155\113\000\051}{section.2}% 5
\BOOKMARK [2][-]{subsection.2.2}{\376\377\000L\000e\000v\000e\000l\000\040\0002\000:\000\040\136\223\133\130\117\030\123\026}{section.2}% 6
\BOOKMARK [2][-]{subsection.2.3}{\376\377\000L\000e\000v\000e\000l\000\040\0003\000:\000\040\226\306\142\020\117\030\123\026}{section.2}% 7
\BOOKMARK [1][-]{section.3}{\376\377\145\160\143\156\147\145\156\220\123\312\131\004\164\006}{}% 8
\BOOKMARK [2][-]{subsection.3.1}{\376\377\123\237\213\272\145\207\145\160\143\156\131\004\164\006}{section.3}% 9
\BOOKMARK [2][-]{subsection.3.2}{\376\377\131\015\163\260\145\160\143\156\147\204\136\372\116\016\230\204\131\004\164\006}{section.3}% 10
\BOOKMARK [2][-]{subsection.3.3}{\376\377\213\272\145\207\123\237\133\236\213\301\176\323\147\234}{section.3}% 11
\BOOKMARK [3][-]{subsubsection.3.3.1}{\376\377\145\160\143\156\162\171\137\201\116\016\133\236\232\214\213\276\177\156}{subsection.3.3}% 12
\BOOKMARK [3][-]{subsubsection.3.3.2}{\376\377\000L\000e\000v\000e\000l\000\040\0001\000:\000\040\160\271\230\204\155\113\174\276\136\246\122\006\147\220}{subsection.3.3}% 13
\BOOKMARK [3][-]{subsubsection.3.3.3}{\376\377\000L\000e\000v\000e\000l\000\040\0002\000:\000\040\136\223\133\130\176\351\145\110\116\016\134\076\220\350\230\316\226\151}{subsection.3.3}% 14
\BOOKMARK [3][-]{subsubsection.3.3.4}{\376\377\000L\000e\000v\000e\000l\000\040\0003\000\040\116\016\150\067\147\054\221\317\145\117\141\037\140\047\122\006\147\220}{subsection.3.3}% 15
\BOOKMARK [2][-]{subsection.3.4}{\376\377\134\017\176\304\131\015\163\260\176\323\147\234}{section.3}% 16
\BOOKMARK [3][-]{subsubsection.3.4.1}{\376\377\000L\000e\000v\000e\000l\000\040\0001\000:\000\040\227\000\154\102\230\204\155\113\116\016\162\171\137\201\135\345\172\013}{subsection.3.4}% 17
\BOOKMARK [3][-]{subsubsection.3.4.2}{\376\377\000L\000e\000v\000e\000l\000\040\0002\000:\000\040\176\337\213\241\150\300\232\214\116\016\136\223\133\130\121\263\173\126\117\030\123\026}{subsection.3.4}% 18
\BOOKMARK [3][-]{subsubsection.3.4.3}{\376\377\000L\000e\000v\000e\000l\000\040\0003\000:\000\040\127\372\116\216\122\006\117\115\145\160\126\336\137\122\166\204\226\306\142\020\117\030\123\026}{subsection.3.4}% 19
\BOOKMARK [1][-]{section.4}{\376\377\000U\000n\000d\000e\000r\000s\000t\000a\000n\000d\000i\000n\000g\000,\000\040\000C\000o\000m\000m\000e\000n\000t\000s\000\040\000a\000n\000d\000\040\000T\000h\000i\000n\000k\000i\000n\000g}{}% 20
\BOOKMARK [2][-]{subsection.4.1}{\376\377\176\337\213\241\133\146\211\306\211\322\166\204\155\036\133\337}{section.4}% 21
\BOOKMARK [2][-]{subsection.4.2}{\376\377\134\100\226\120\116\016\145\071\217\333}{section.4}% 22
